#-----------------------------------------------------------
# Vivado v2019.2 (64-bit)
# SW Build 2708876 on Wed Nov  6 21:40:23 MST 2019
# IP Build 2700528 on Thu Nov  7 00:09:20 MST 2019
# Start of session at: Fri Dec 20 02:31:58 2019
# Process ID: 16412
# Current directory: C:/Users/acer/Documents/GitHub/EIT2/VHDL/lab4/licznik
# Command line: vivado.exe -gui_launcher_event rodinguilauncherevent21288 C:\Users\acer\Documents\GitHub\EIT2\VHDL\lab4\licznik\licznik.xpr
# Log file: C:/Users/acer/Documents/GitHub/EIT2/VHDL/lab4/licznik/vivado.log
# Journal file: C:/Users/acer/Documents/GitHub/EIT2/VHDL/lab4/licznik\vivado.jou
#-----------------------------------------------------------
start_gui
open_project C:/Users/acer/Documents/GitHub/EIT2/VHDL/lab4/licznik/licznik.xpr
Scanning sources...
Finished scanning sources
INFO: [IP_Flow 19-234] Refreshing IP repositories
INFO: [IP_Flow 19-1704] No user IP repositories specified
INFO: [IP_Flow 19-2313] Loaded Vivado IP repository 'D:/Programy/Xilinx/Vivado/2019.2/data/ip'.
open_project: Time (s): cpu = 00:00:13 ; elapsed = 00:00:06 . Memory (MB): peak = 895.961 ; gain = 193.023
update_compile_order -fileset sources_1
exit
INFO: [Common 17-206] Exiting Vivado at Fri Dec 20 03:11:34 2019...
